1712169774.719185 client started (92727): version 3.4, socket /private/tmp/tmux-502/default, protocol 8
1712169774.719233 on Darwin 23.4.0 Darwin Kernel Version 23.4.0: Fri Mar 15 00:10:42 PDT 2024; root:xnu-10063.101.17~1/RELEASE_ARM64_T6000
1712169774.719242 using libevent 2.1.12-stable select
1712169774.719572 using utf8proc 2.9.0
1712169774.719588 using ncurses 6.4 20221231
1712169774.719608 flags are 0x18010000
1712169774.719618 socket is /private/tmp/tmux-502/default
1712169774.719628 trying connect
1712169774.719668 add peer 0x140008000: 6 (0x0)
1712169774.720661 sending message 100 to peer 0x140008000 (4 bytes)
1712169774.720668 sending message 111 to peer 0x140008000 (8 bytes)
1712169774.720672 sending message 101 to peer 0x140008000 (15 bytes)
1712169774.720675 sending message 109 to peer 0x140008000 (4 bytes)
1712169774.720679 sending message 102 to peer 0x140008000 (13 bytes)
1712169774.720682 sending message 108 to peer 0x140008000 (40 bytes)
1712169774.720685 sending message 112 to peer 0x140008000 (58 bytes)
1712169774.720688 sending message 112 to peer 0x140008000 (5 bytes)
1712169774.720692 sending message 112 to peer 0x140008000 (5 bytes)
1712169774.720695 sending message 112 to peer 0x140008000 (6 bytes)
1712169774.720698 sending message 112 to peer 0x140008000 (6 bytes)
1712169774.720701 sending message 112 to peer 0x140008000 (11 bytes)
1712169774.720704 sending message 112 to peer 0x140008000 (10 bytes)
1712169774.720707 sending message 112 to peer 0x140008000 (13 bytes)
1712169774.720710 sending message 112 to peer 0x140008000 (14 bytes)
1712169774.720714 sending message 112 to peer 0x140008000 (19 bytes)
1712169774.720717 sending message 112 to peer 0x140008000 (11 bytes)
1712169774.720720 sending message 112 to peer 0x140008000 (10 bytes)
1712169774.720723 sending message 112 to peer 0x140008000 (15 bytes)
1712169774.720726 sending message 112 to peer 0x140008000 (21 bytes)
1712169774.720729 sending message 112 to peer 0x140008000 (13 bytes)
1712169774.720732 sending message 112 to peer 0x140008000 (7 bytes)
1712169774.720734 sending message 112 to peer 0x140008000 (13 bytes)
1712169774.720738 sending message 112 to peer 0x140008000 (7 bytes)
1712169774.720741 sending message 112 to peer 0x140008000 (13 bytes)
1712169774.720744 sending message 112 to peer 0x140008000 (9 bytes)
1712169774.720747 sending message 112 to peer 0x140008000 (21 bytes)
1712169774.720750 sending message 112 to peer 0x140008000 (13 bytes)
1712169774.720753 sending message 112 to peer 0x140008000 (9 bytes)
1712169774.720756 sending message 112 to peer 0x140008000 (16 bytes)
1712169774.720759 sending message 112 to peer 0x140008000 (13 bytes)
1712169774.720763 sending message 112 to peer 0x140008000 (9 bytes)
1712169774.720766 sending message 112 to peer 0x140008000 (9 bytes)
1712169774.720769 sending message 112 to peer 0x140008000 (12 bytes)
1712169774.720772 sending message 112 to peer 0x140008000 (8 bytes)
1712169774.720776 sending message 112 to peer 0x140008000 (8 bytes)
1712169774.720779 sending message 112 to peer 0x140008000 (13 bytes)
1712169774.720783 sending message 112 to peer 0x140008000 (7 bytes)
1712169774.720786 sending message 112 to peer 0x140008000 (7 bytes)
1712169774.720789 sending message 112 to peer 0x140008000 (9 bytes)
1712169774.720792 sending message 112 to peer 0x140008000 (9 bytes)
1712169774.720795 sending message 112 to peer 0x140008000 (15 bytes)
1712169774.720798 sending message 112 to peer 0x140008000 (13 bytes)
1712169774.720801 sending message 112 to peer 0x140008000 (12 bytes)
1712169774.720803 sending message 112 to peer 0x140008000 (8 bytes)
1712169774.720806 sending message 112 to peer 0x140008000 (14 bytes)
1712169774.720809 sending message 112 to peer 0x140008000 (11 bytes)
1712169774.720812 sending message 112 to peer 0x140008000 (9 bytes)
1712169774.720815 sending message 112 to peer 0x140008000 (10 bytes)
1712169774.720818 sending message 112 to peer 0x140008000 (10 bytes)
1712169774.720821 sending message 112 to peer 0x140008000 (10 bytes)
1712169774.720824 sending message 112 to peer 0x140008000 (10 bytes)
1712169774.720835 sending message 112 to peer 0x140008000 (11 bytes)
1712169774.720837 sending message 112 to peer 0x140008000 (12 bytes)
1712169774.720839 sending message 112 to peer 0x140008000 (12 bytes)
1712169774.720841 sending message 112 to peer 0x140008000 (12 bytes)
1712169774.720843 sending message 112 to peer 0x140008000 (12 bytes)
1712169774.720845 sending message 112 to peer 0x140008000 (12 bytes)
1712169774.720847 sending message 112 to peer 0x140008000 (11 bytes)
1712169774.720849 sending message 112 to peer 0x140008000 (11 bytes)
1712169774.720851 sending message 112 to peer 0x140008000 (12 bytes)
1712169774.720853 sending message 112 to peer 0x140008000 (12 bytes)
1712169774.720855 sending message 112 to peer 0x140008000 (12 bytes)
1712169774.720857 sending message 112 to peer 0x140008000 (12 bytes)
1712169774.720859 sending message 112 to peer 0x140008000 (12 bytes)
1712169774.720861 sending message 112 to peer 0x140008000 (9 bytes)
1712169774.720863 sending message 112 to peer 0x140008000 (12 bytes)
1712169774.720865 sending message 112 to peer 0x140008000 (13 bytes)
1712169774.720867 sending message 112 to peer 0x140008000 (13 bytes)
1712169774.720869 sending message 112 to peer 0x140008000 (13 bytes)
1712169774.720871 sending message 112 to peer 0x140008000 (13 bytes)
1712169774.720873 sending message 112 to peer 0x140008000 (13 bytes)
1712169774.720875 sending message 112 to peer 0x140008000 (8 bytes)
1712169774.720877 sending message 112 to peer 0x140008000 (11 bytes)
1712169774.720878 sending message 112 to peer 0x140008000 (11 bytes)
1712169774.720880 sending message 112 to peer 0x140008000 (11 bytes)
1712169774.720882 sending message 112 to peer 0x140008000 (12 bytes)
1712169774.720884 sending message 112 to peer 0x140008000 (12 bytes)
1712169774.720886 sending message 112 to peer 0x140008000 (12 bytes)
1712169774.720888 sending message 112 to peer 0x140008000 (12 bytes)
1712169774.720890 sending message 112 to peer 0x140008000 (13 bytes)
1712169774.720892 sending message 112 to peer 0x140008000 (13 bytes)
1712169774.720894 sending message 112 to peer 0x140008000 (13 bytes)
1712169774.720896 sending message 112 to peer 0x140008000 (8 bytes)
1712169774.720898 sending message 112 to peer 0x140008000 (13 bytes)
1712169774.720900 sending message 112 to peer 0x140008000 (13 bytes)
1712169774.720902 sending message 112 to peer 0x140008000 (13 bytes)
1712169774.720904 sending message 112 to peer 0x140008000 (13 bytes)
1712169774.720906 sending message 112 to peer 0x140008000 (13 bytes)
1712169774.720908 sending message 112 to peer 0x140008000 (12 bytes)
1712169774.720910 sending message 112 to peer 0x140008000 (12 bytes)
1712169774.720911 sending message 112 to peer 0x140008000 (12 bytes)
1712169774.720914 sending message 112 to peer 0x140008000 (12 bytes)
1712169774.720916 sending message 112 to peer 0x140008000 (13 bytes)
1712169774.720918 sending message 112 to peer 0x140008000 (8 bytes)
1712169774.720920 sending message 112 to peer 0x140008000 (13 bytes)
1712169774.720921 sending message 112 to peer 0x140008000 (13 bytes)
1712169774.720923 sending message 112 to peer 0x140008000 (13 bytes)
1712169774.720925 sending message 112 to peer 0x140008000 (13 bytes)
1712169774.720927 sending message 112 to peer 0x140008000 (13 bytes)
1712169774.720929 sending message 112 to peer 0x140008000 (13 bytes)
1712169774.720931 sending message 112 to peer 0x140008000 (13 bytes)
1712169774.720933 sending message 112 to peer 0x140008000 (12 bytes)
1712169774.720935 sending message 112 to peer 0x140008000 (12 bytes)
1712169774.720937 sending message 112 to peer 0x140008000 (12 bytes)
1712169774.720939 sending message 112 to peer 0x140008000 (8 bytes)
1712169774.720941 sending message 112 to peer 0x140008000 (12 bytes)
1712169774.720943 sending message 112 to peer 0x140008000 (13 bytes)
1712169774.720944 sending message 112 to peer 0x140008000 (13 bytes)
1712169774.720946 sending message 112 to peer 0x140008000 (13 bytes)
1712169774.720948 sending message 112 to peer 0x140008000 (13 bytes)
1712169774.720950 sending message 112 to peer 0x140008000 (13 bytes)
1712169774.720956 sending message 112 to peer 0x140008000 (13 bytes)
1712169774.720958 sending message 112 to peer 0x140008000 (13 bytes)
1712169774.720960 sending message 112 to peer 0x140008000 (13 bytes)
1712169774.720962 sending message 112 to peer 0x140008000 (12 bytes)
1712169774.720964 sending message 112 to peer 0x140008000 (10 bytes)
1712169774.720966 sending message 112 to peer 0x140008000 (12 bytes)
1712169774.720968 sending message 112 to peer 0x140008000 (12 bytes)
1712169774.720970 sending message 112 to peer 0x140008000 (12 bytes)
1712169774.720972 sending message 112 to peer 0x140008000 (13 bytes)
1712169774.720974 sending message 112 to peer 0x140008000 (13 bytes)
1712169774.720976 sending message 112 to peer 0x140008000 (13 bytes)
1712169774.720978 sending message 112 to peer 0x140008000 (13 bytes)
1712169774.720980 sending message 112 to peer 0x140008000 (13 bytes)
1712169774.720982 sending message 112 to peer 0x140008000 (13 bytes)
1712169774.720984 sending message 112 to peer 0x140008000 (13 bytes)
1712169774.720986 sending message 112 to peer 0x140008000 (10 bytes)
1712169774.720988 sending message 112 to peer 0x140008000 (13 bytes)
1712169774.720990 sending message 112 to peer 0x140008000 (12 bytes)
1712169774.720991 sending message 112 to peer 0x140008000 (12 bytes)
1712169774.720993 sending message 112 to peer 0x140008000 (12 bytes)
1712169774.720995 sending message 112 to peer 0x140008000 (10 bytes)
1712169774.720997 sending message 112 to peer 0x140008000 (10 bytes)
1712169774.720999 sending message 112 to peer 0x140008000 (10 bytes)
1712169774.721001 sending message 112 to peer 0x140008000 (12 bytes)
1712169774.721003 sending message 112 to peer 0x140008000 (13 bytes)
1712169774.721005 sending message 112 to peer 0x140008000 (13 bytes)
1712169774.721007 sending message 112 to peer 0x140008000 (13 bytes)
1712169774.721009 sending message 112 to peer 0x140008000 (13 bytes)
1712169774.721011 sending message 112 to peer 0x140008000 (13 bytes)
1712169774.721013 sending message 112 to peer 0x140008000 (10 bytes)
1712169774.721015 sending message 112 to peer 0x140008000 (11 bytes)
1712169774.721017 sending message 112 to peer 0x140008000 (12 bytes)
1712169774.721018 sending message 112 to peer 0x140008000 (12 bytes)
1712169774.721020 sending message 112 to peer 0x140008000 (12 bytes)
1712169774.721022 sending message 112 to peer 0x140008000 (12 bytes)
1712169774.721024 sending message 112 to peer 0x140008000 (12 bytes)
1712169774.721026 sending message 112 to peer 0x140008000 (11 bytes)
1712169774.721028 sending message 112 to peer 0x140008000 (12 bytes)
1712169774.721030 sending message 112 to peer 0x140008000 (12 bytes)
1712169774.721032 sending message 112 to peer 0x140008000 (13 bytes)
1712169774.721034 sending message 112 to peer 0x140008000 (13 bytes)
1712169774.721036 sending message 112 to peer 0x140008000 (13 bytes)
1712169774.721038 sending message 112 to peer 0x140008000 (13 bytes)
1712169774.721040 sending message 112 to peer 0x140008000 (13 bytes)
1712169774.721042 sending message 112 to peer 0x140008000 (10 bytes)
1712169774.721044 sending message 112 to peer 0x140008000 (9 bytes)
1712169774.721046 sending message 112 to peer 0x140008000 (12 bytes)
1712169774.721048 sending message 112 to peer 0x140008000 (13 bytes)
1712169774.721050 sending message 112 to peer 0x140008000 (13 bytes)
1712169774.721052 sending message 112 to peer 0x140008000 (13 bytes)
1712169774.721053 sending message 112 to peer 0x140008000 (13 bytes)
1712169774.721055 sending message 112 to peer 0x140008000 (13 bytes)
1712169774.721057 sending message 112 to peer 0x140008000 (9 bytes)
1712169774.721059 sending message 112 to peer 0x140008000 (12 bytes)
1712169774.721061 sending message 112 to peer 0x140008000 (13 bytes)
1712169774.721063 sending message 112 to peer 0x140008000 (13 bytes)
1712169774.721065 sending message 112 to peer 0x140008000 (13 bytes)
1712169774.721067 sending message 112 to peer 0x140008000 (13 bytes)
1712169774.721069 sending message 112 to peer 0x140008000 (13 bytes)
1712169774.721074 sending message 112 to peer 0x140008000 (11 bytes)
1712169774.721076 sending message 112 to peer 0x140008000 (12 bytes)
1712169774.721078 sending message 112 to peer 0x140008000 (13 bytes)
1712169774.721080 sending message 112 to peer 0x140008000 (13 bytes)
1712169774.721082 sending message 112 to peer 0x140008000 (13 bytes)
1712169774.721084 sending message 112 to peer 0x140008000 (13 bytes)
1712169774.721086 sending message 112 to peer 0x140008000 (13 bytes)
1712169774.721088 sending message 112 to peer 0x140008000 (11 bytes)
1712169774.721090 sending message 112 to peer 0x140008000 (12 bytes)
1712169774.721092 sending message 112 to peer 0x140008000 (12 bytes)
1712169774.721095 sending message 112 to peer 0x140008000 (12 bytes)
1712169774.721097 sending message 112 to peer 0x140008000 (12 bytes)
1712169774.721099 sending message 112 to peer 0x140008000 (12 bytes)
1712169774.721101 sending message 112 to peer 0x140008000 (21 bytes)
1712169774.721103 sending message 112 to peer 0x140008000 (12 bytes)
1712169774.721105 sending message 112 to peer 0x140008000 (9 bytes)
1712169774.721107 sending message 112 to peer 0x140008000 (6 bytes)
1712169774.721109 sending message 112 to peer 0x140008000 (13 bytes)
1712169774.721111 sending message 112 to peer 0x140008000 (10 bytes)
1712169774.721113 sending message 112 to peer 0x140008000 (24 bytes)
1712169774.721115 sending message 112 to peer 0x140008000 (13 bytes)
1712169774.721117 sending message 112 to peer 0x140008000 (9 bytes)
1712169774.721119 sending message 112 to peer 0x140008000 (70 bytes)
1712169774.721121 sending message 112 to peer 0x140008000 (69 bytes)
1712169774.721123 sending message 112 to peer 0x140008000 (12 bytes)
1712169774.721125 sending message 112 to peer 0x140008000 (10 bytes)
1712169774.721127 sending message 112 to peer 0x140008000 (10 bytes)
1712169774.721130 sending message 112 to peer 0x140008000 (24 bytes)
1712169774.721132 sending message 112 to peer 0x140008000 (13 bytes)
1712169774.721134 sending message 112 to peer 0x140008000 (10 bytes)
1712169774.721136 sending message 112 to peer 0x140008000 (10 bytes)
1712169774.721138 sending message 112 to peer 0x140008000 (10 bytes)
1712169774.721140 sending message 112 to peer 0x140008000 (13 bytes)
1712169774.721142 sending message 112 to peer 0x140008000 (15 bytes)
1712169774.721144 sending message 112 to peer 0x140008000 (5 bytes)
1712169774.721147 sending message 104 to peer 0x140008000 (0 bytes)
1712169774.721150 sending message 110 to peer 0x140008000 (0 bytes)
1712169774.721152 sending message 107 to peer 0x140008000 (4 bytes)
1712169774.721154 sending message 105 to peer 0x140008000 (47 bytes)
1712169774.721157 sending message 105 to peer 0x140008000 (32 bytes)
1712169774.721159 sending message 105 to peer 0x140008000 (20 bytes)
1712169774.721161 sending message 105 to peer 0x140008000 (20 bytes)
1712169774.721163 sending message 105 to peer 0x140008000 (57 bytes)
1712169774.721165 sending message 105 to peer 0x140008000 (26 bytes)
1712169774.721167 sending message 105 to peer 0x140008000 (68 bytes)
1712169774.721168 sending message 105 to peer 0x140008000 (27 bytes)
1712169774.721170 sending message 105 to peer 0x140008000 (69 bytes)
1712169774.721172 sending message 105 to peer 0x140008000 (38 bytes)
1712169774.721174 sending message 105 to peer 0x140008000 (19 bytes)
1712169774.721177 sending message 105 to peer 0x140008000 (98 bytes)
1712169774.721178 sending message 105 to peer 0x140008000 (18 bytes)
1712169774.721180 sending message 105 to peer 0x140008000 (23 bytes)
1712169774.721182 sending message 105 to peer 0x140008000 (28 bytes)
1712169774.721184 sending message 105 to peer 0x140008000 (60 bytes)
1712169774.721186 sending message 105 to peer 0x140008000 (43 bytes)
1712169774.721189 sending message 105 to peer 0x140008000 (29 bytes)
1712169774.721191 sending message 105 to peer 0x140008000 (21 bytes)
1712169774.721193 sending message 105 to peer 0x140008000 (66 bytes)
1712169774.721195 sending message 105 to peer 0x140008000 (19 bytes)
1712169774.721202 sending message 105 to peer 0x140008000 (27 bytes)
1712169774.721204 sending message 105 to peer 0x140008000 (32 bytes)
1712169774.721206 sending message 105 to peer 0x140008000 (50 bytes)
1712169774.721208 sending message 105 to peer 0x140008000 (32 bytes)
1712169774.721211 sending message 105 to peer 0x140008000 (28 bytes)
1712169774.721213 sending message 105 to peer 0x140008000 (46 bytes)
1712169774.721215 sending message 105 to peer 0x140008000 (22 bytes)
1712169774.721217 sending message 105 to peer 0x140008000 (24 bytes)
1712169774.721219 sending message 105 to peer 0x140008000 (44 bytes)
1712169774.721221 sending message 105 to peer 0x140008000 (67 bytes)
1712169774.721223 sending message 105 to peer 0x140008000 (61 bytes)
1712169774.721225 sending message 105 to peer 0x140008000 (1002 bytes)
1712169774.721227 sending message 105 to peer 0x140008000 (15 bytes)
1712169774.721229 sending message 105 to peer 0x140008000 (15 bytes)
1712169774.721231 sending message 105 to peer 0x140008000 (8 bytes)
1712169774.721233 sending message 105 to peer 0x140008000 (46 bytes)
1712169774.721235 sending message 105 to peer 0x140008000 (22 bytes)
1712169774.721237 sending message 105 to peer 0x140008000 (25 bytes)
1712169774.721239 sending message 105 to peer 0x140008000 (15 bytes)
1712169774.721243 sending message 105 to peer 0x140008000 (14 bytes)
1712169774.721245 sending message 105 to peer 0x140008000 (28 bytes)
1712169774.721247 sending message 105 to peer 0x140008000 (45 bytes)
1712169774.721249 sending message 105 to peer 0x140008000 (54 bytes)
1712169774.721252 sending message 105 to peer 0x140008000 (20 bytes)
1712169774.721254 sending message 106 to peer 0x140008000 (0 bytes)
1712169774.721303 sending message 200 to peer 0x140008000 (4 bytes)
1712169774.721307 client loop enter
1712169774.724769 peer 0x140008000 message 207
1712169774.724783 sending message 208 to peer 0x140008000 (0 bytes)
1712169858.010853 peer 0x140008000 message 203
1712169858.010965 sending message 205 to peer 0x140008000 (0 bytes)
1712169858.011213 peer 0x140008000 message 204
1712169858.011237 client loop exit
